This is pdfTeX, Version 3.14159265-2.6-1.40.17 (MiKTeX 2.9) (preloaded format=pdflatex 2016.8.9)  26 FEB 2018 13:45
entering extended mode
**./hw2.tex
(hw2.tex
LaTeX2e <2016/03/31> patch level 1
Babel <3.9r> and hyphenation patterns for 75 language(s) loaded.
("C:\Program Files (x86)\MiKTeX 2.9\tex\latex\base\article.cls"
Document Class: article 2014/09/29 v1.4h Standard LaTeX document class
("C:\Program Files (x86)\MiKTeX 2.9\tex\latex\base\size10.clo"
File: size10.clo 2014/09/29 v1.4h Standard LaTeX file (size option)
)
\c@part=\count79
\c@section=\count80
\c@subsection=\count81
\c@subsubsection=\count82
\c@paragraph=\count83
\c@subparagraph=\count84
\c@figure=\count85
\c@table=\count86
\abovecaptionskip=\skip41
\belowcaptionskip=\skip42
\bibindent=\dimen102
)
("C:\Program Files (x86)\MiKTeX 2.9\tex\latex\amsmath\amsmath.sty"
Package: amsmath 2016/03/10 v2.15b AMS math features
\@mathmargin=\skip43

For additional information on amsmath, use the `?' option.
("C:\Program Files (x86)\MiKTeX 2.9\tex\latex\amsmath\amstext.sty"
Package: amstext 2000/06/29 v2.01 AMS text

("C:\Program Files (x86)\MiKTeX 2.9\tex\latex\amsmath\amsgen.sty"
File: amsgen.sty 1999/11/30 v2.0 generic functions
\@emptytoks=\toks14
\ex@=\dimen103
))
("C:\Program Files (x86)\MiKTeX 2.9\tex\latex\amsmath\amsbsy.sty"
Package: amsbsy 1999/11/29 v1.2d Bold Symbols
\pmbraise@=\dimen104
)
("C:\Program Files (x86)\MiKTeX 2.9\tex\latex\amsmath\amsopn.sty"
Package: amsopn 2016/03/08 v2.02 operator names
)
\inf@bad=\count87
LaTeX Info: Redefining \frac on input line 199.
\uproot@=\count88
\leftroot@=\count89
LaTeX Info: Redefining \overline on input line 297.
\classnum@=\count90
\DOTSCASE@=\count91
LaTeX Info: Redefining \ldots on input line 394.
LaTeX Info: Redefining \dots on input line 397.
LaTeX Info: Redefining \cdots on input line 518.
\Mathstrutbox@=\box26
\strutbox@=\box27
\big@size=\dimen105
LaTeX Font Info:    Redeclaring font encoding OML on input line 634.
LaTeX Font Info:    Redeclaring font encoding OMS on input line 635.
\macc@depth=\count92
\c@MaxMatrixCols=\count93
\dotsspace@=\muskip10
\c@parentequation=\count94
\dspbrk@lvl=\count95
\tag@help=\toks15
\row@=\count96
\column@=\count97
\maxfields@=\count98
\andhelp@=\toks16
\eqnshift@=\dimen106
\alignsep@=\dimen107
\tagshift@=\dimen108
\tagwidth@=\dimen109
\totwidth@=\dimen110
\lineht@=\dimen111
\@envbody=\toks17
\multlinegap=\skip44
\multlinetaggap=\skip45
\mathdisplay@stack=\toks18
LaTeX Info: Redefining \[ on input line 2739.
LaTeX Info: Redefining \] on input line 2740.
)
("C:\Program Files (x86)\MiKTeX 2.9\tex\latex\amsfonts\amsfonts.sty"
Package: amsfonts 2013/01/14 v3.01 Basic AMSFonts support
\symAMSa=\mathgroup4
\symAMSb=\mathgroup5
LaTeX Font Info:    Overwriting math alphabet `\mathfrak' in version `bold'
(Font)                  U/euf/m/n --> U/euf/b/n on input line 106.
)
("C:\Program Files (x86)\MiKTeX 2.9\tex\latex\amsfonts\amssymb.sty"
Package: amssymb 2013/01/14 v3.01 AMS font symbols
)
("C:\Program Files (x86)\MiKTeX 2.9\tex\latex\caption\subcaption.sty"
Package: subcaption 2016/05/22 v1.1-161 Sub-captions (AR)

("C:\Program Files (x86)\MiKTeX 2.9\tex\latex\caption\caption.sty"
Package: caption 2016/02/21 v3.3-144 Customizing captions (AR)

("C:\Program Files (x86)\MiKTeX 2.9\tex\latex\caption\caption3.sty"
Package: caption3 2016/05/22 v1.7-166 caption3 kernel (AR)
Package caption3 Info: TeX engine: e-TeX on input line 67.

("C:\Program Files (x86)\MiKTeX 2.9\tex\latex\graphics\keyval.sty"
Package: keyval 2014/10/28 v1.15 key=value parser (DPC)
\KV@toks@=\toks19
)
\captionmargin=\dimen112
\captionmargin@=\dimen113
\captionwidth=\dimen114
\caption@tempdima=\dimen115
\caption@indent=\dimen116
\caption@parindent=\dimen117
\caption@hangindent=\dimen118
)
\c@ContinuedFloat=\count99
)
\c@subfigure=\count100
\c@subtable=\count101
)
("C:\Program Files (x86)\MiKTeX 2.9\tex\latex\graphics\graphicx.sty"
Package: graphicx 2014/10/28 v1.0g Enhanced LaTeX Graphics (DPC,SPQR)

("C:\Program Files (x86)\MiKTeX 2.9\tex\latex\graphics\graphics.sty"
Package: graphics 2016/06/02 v1.0s Standard LaTeX Graphics (DPC,SPQR)

("C:\Program Files (x86)\MiKTeX 2.9\tex\latex\graphics\trig.sty"
Package: trig 2016/01/03 v1.10 sin cos tan (DPC)
)
("C:\Program Files (x86)\MiKTeX 2.9\tex\latex\00miktex\graphics.cfg"
File: graphics.cfg 2016/06/04 v1.11 sample graphics configuration
)
Package graphics Info: Driver file: pdftex.def on input line 99.

("C:\Program Files (x86)\MiKTeX 2.9\tex\latex\pdftex-def\pdftex.def"
File: pdftex.def 2016/06/17 v0.06h Graphics/color for pdfTeX

("C:\Program Files (x86)\MiKTeX 2.9\tex\generic\oberdiek\infwarerr.sty"
Package: infwarerr 2016/05/16 v1.4 Providing info/warning/error messages (HO)
)
("C:\Program Files (x86)\MiKTeX 2.9\tex\generic\oberdiek\ltxcmds.sty"
Package: ltxcmds 2016/05/16 v1.23 LaTeX kernel commands for general use (HO)
)
\Gread@gobject=\count102
))
\Gin@req@height=\dimen119
\Gin@req@width=\dimen120
)
("C:\Program Files (x86)\MiKTeX 2.9\tex\latex\dblfloatfix\dblfloatfix.sty"
Package: dblfloatfix 2012/12/31 v1.0a (JAW)

("C:\Program Files (x86)\MiKTeX 2.9\tex\latex\base\fixltx2e.sty"
Package: fixltx2e 2015/06/22 v2.0b fixes to LaTeX (obsolete)


Package fixltx2e Warning: fixltx2e is not required with releases after 2015
(fixltx2e)                All fixes are now in the LaTeX kernel.
(fixltx2e)                See the latexrelease package for details.

)
\@dblbotnum=\count103
\c@dblbotnumber=\count104
) ("C:\Program Files (x86)\MiKTeX 2.9\tex\latex\graphics\color.sty"
Package: color 2016/06/02 v1.1d Standard LaTeX Color (DPC)

("C:\Program Files (x86)\MiKTeX 2.9\tex\latex\00miktex\color.cfg"
File: color.cfg 2016/01/02 v1.6 sample color configuration
)
Package color Info: Driver file: pdftex.def on input line 147.
) (hw2.aux)
\openout1 = `hw2.aux'.

LaTeX Font Info:    Checking defaults for OML/cmm/m/it on input line 18.
LaTeX Font Info:    ... okay on input line 18.
LaTeX Font Info:    Checking defaults for T1/cmr/m/n on input line 18.
LaTeX Font Info:    ... okay on input line 18.
LaTeX Font Info:    Checking defaults for OT1/cmr/m/n on input line 18.
LaTeX Font Info:    ... okay on input line 18.
LaTeX Font Info:    Checking defaults for OMS/cmsy/m/n on input line 18.
LaTeX Font Info:    ... okay on input line 18.
LaTeX Font Info:    Checking defaults for OMX/cmex/m/n on input line 18.
LaTeX Font Info:    ... okay on input line 18.
LaTeX Font Info:    Checking defaults for U/cmr/m/n on input line 18.
LaTeX Font Info:    ... okay on input line 18.
Package caption Info: Begin \AtBeginDocument code.
Package caption Info: End \AtBeginDocument code.

("C:\Program Files (x86)\MiKTeX 2.9\tex\context\base\supp-pdf.mkii"
[Loading MPS to PDF converter (version 2006.09.02).]
\scratchcounter=\count105
\scratchdimen=\dimen121
\scratchbox=\box28
\nofMPsegments=\count106
\nofMParguments=\count107
\everyMPshowfont=\toks20
\MPscratchCnt=\count108
\MPscratchDim=\dimen122
\MPnumerator=\count109
\makeMPintoPDFobject=\count110
\everyMPtoPDFconversion=\toks21
) ("C:\Program Files (x86)\MiKTeX 2.9\tex\generic\oberdiek\pdftexcmds.sty"
Package: pdftexcmds 2016/05/21 v0.22 Utility functions of pdfTeX for LuaTeX (HO
)

("C:\Program Files (x86)\MiKTeX 2.9\tex\generic\oberdiek\ifluatex.sty"
Package: ifluatex 2016/05/16 v1.4 Provides the ifluatex switch (HO)
Package ifluatex Info: LuaTeX not detected.
)
("C:\Program Files (x86)\MiKTeX 2.9\tex\generic\oberdiek\ifpdf.sty"
Package: ifpdf 2016/05/14 v3.1 Provides the ifpdf switch
)
Package pdftexcmds Info: LuaTeX not detected.
Package pdftexcmds Info: \pdf@primitive is available.
Package pdftexcmds Info: \pdf@ifprimitive is available.
Package pdftexcmds Info: \pdfdraftmode found.
)
("C:\Program Files (x86)\MiKTeX 2.9\tex\latex\oberdiek\epstopdf-base.sty"
Package: epstopdf-base 2016/05/15 v2.6 Base part for package epstopdf

("C:\Program Files (x86)\MiKTeX 2.9\tex\latex\oberdiek\grfext.sty"
Package: grfext 2016/05/16 v1.2 Manage graphics extensions (HO)

("C:\Program Files (x86)\MiKTeX 2.9\tex\generic\oberdiek\kvdefinekeys.sty"
Package: kvdefinekeys 2016/05/16 v1.4 Define keys (HO)
))
("C:\Program Files (x86)\MiKTeX 2.9\tex\latex\oberdiek\kvoptions.sty"
Package: kvoptions 2016/05/16 v3.12 Key value format for package options (HO)

("C:\Program Files (x86)\MiKTeX 2.9\tex\generic\oberdiek\kvsetkeys.sty"
Package: kvsetkeys 2016/05/16 v1.17 Key value parser (HO)

("C:\Program Files (x86)\MiKTeX 2.9\tex\generic\oberdiek\etexcmds.sty"
Package: etexcmds 2016/05/16 v1.6 Avoid name clashes with e-TeX commands (HO)
Package etexcmds Info: Could not find \expanded.
(etexcmds)             That can mean that you are not using pdfTeX 1.50 or
(etexcmds)             that some package has redefined \expanded.
(etexcmds)             In the latter case, load this package earlier.
)))
Package epstopdf-base Info: Redefining graphics rule for `.eps' on input line 4
38.
Package grfext Info: Graphics extension search list:
(grfext)             [.png,.pdf,.jpg,.mps,.jpeg,.jbig2,.jb2,.PNG,.PDF,.JPG,.JPE
G,.JBIG2,.JB2,.eps]
(grfext)             \AppendGraphicsExtensions on input line 456.
)
LaTeX Font Info:    Try loading font information for U+msa on input line 20.

("C:\Program Files (x86)\MiKTeX 2.9\tex\latex\amsfonts\umsa.fd"
File: umsa.fd 2013/01/14 v3.01 AMS symbols A
)
LaTeX Font Info:    Try loading font information for U+msb on input line 20.

("C:\Program Files (x86)\MiKTeX 2.9\tex\latex\amsfonts\umsb.fd"
File: umsb.fd 2013/01/14 v3.01 AMS symbols B
) [1

{C:/ProgramData/MiKTeX/2.9/pdftex/config/pdftex.map}]
Underfull \hbox (badness 10000) in paragraph at lines 44--47

 []

LaTeX Font Info:    Try loading font information for OMS+cmr on input line 65.
("C:\Program Files (x86)\MiKTeX 2.9\tex\latex\base\omscmr.fd"
File: omscmr.fd 2014/09/29 v2.5h Standard LaTeX font definitions
)
LaTeX Font Info:    Font shape `OMS/cmr/m/n' in size <10> not available
(Font)              Font shape `OMS/cmsy/m/n' tried instead on input line 65.
 [2]
Package epstopdf Info: Source file: <test1S.eps>
(epstopdf)                    date: 2018-02-11 23:05:50
(epstopdf)                    size: 18309 bytes
(epstopdf)             Output file: <test1S-eps-converted-to.pdf>
(epstopdf)                    date: 2018-02-11 23:07:16
(epstopdf)                    size: 3816 bytes
(epstopdf)             Command: <epstopdf --outfile=test1S-eps-converted-to.pdf
 test1S.eps>
(epstopdf)             \includegraphics on input line 80.
Package epstopdf Info: Output file is already uptodate.

<test1S-eps-converted-to.pdf, id=22, 421.575pt x 316.18124pt>
File: test1S-eps-converted-to.pdf Graphic file (type pdf)

<use test1S-eps-converted-to.pdf>
Package pdftex.def Info: test1S-eps-converted-to.pdf used on input line 80.
(pdftex.def)             Requested size: 216.81pt x 162.61081pt.

Overfull \hbox (9.80789pt too wide) in paragraph at lines 80--81
[][] 
 []

Package epstopdf Info: Source file: <test1P.eps>
(epstopdf)                    date: 2018-02-11 23:05:50
(epstopdf)                    size: 32588 bytes
(epstopdf)             Output file: <test1P-eps-converted-to.pdf>
(epstopdf)                    date: 2018-02-11 23:07:17
(epstopdf)                    size: 9410 bytes
(epstopdf)             Command: <epstopdf --outfile=test1P-eps-converted-to.pdf
 test1P.eps>
(epstopdf)             \includegraphics on input line 84.
Package epstopdf Info: Output file is already uptodate.
<test1P-eps-converted-to.pdf, id=23, 421.575pt x 316.18124pt>
File: test1P-eps-converted-to.pdf Graphic file (type pdf)

<use test1P-eps-converted-to.pdf>
Package pdftex.def Info: test1P-eps-converted-to.pdf used on input line 84.
(pdftex.def)             Requested size: 216.81pt x 162.61081pt.

Overfull \hbox (9.80789pt too wide) in paragraph at lines 84--85
[][] 
 []


Overfull \hbox (71.22643pt too wide) in paragraph at lines 79--87
[]$[]$ $[]$ 
 []

Package epstopdf Info: Source file: <test2S.eps>
(epstopdf)                    date: 2018-02-11 23:05:49
(epstopdf)                    size: 18309 bytes
(epstopdf)             Output file: <test2S-eps-converted-to.pdf>
(epstopdf)                    date: 2018-02-11 23:08:17
(epstopdf)                    size: 3820 bytes
(epstopdf)             Command: <epstopdf --outfile=test2S-eps-converted-to.pdf
 test2S.eps>
(epstopdf)             \includegraphics on input line 93.
Package epstopdf Info: Output file is already uptodate.
<test2S-eps-converted-to.pdf, id=24, 421.575pt x 316.18124pt>
File: test2S-eps-converted-to.pdf Graphic file (type pdf)

<use test2S-eps-converted-to.pdf>
Package pdftex.def Info: test2S-eps-converted-to.pdf used on input line 93.
(pdftex.def)             Requested size: 216.81pt x 162.61081pt.

Overfull \hbox (9.80789pt too wide) in paragraph at lines 93--94
[][] 
 []

Package epstopdf Info: Source file: <test2P.eps>
(epstopdf)                    date: 2018-02-11 23:05:49
(epstopdf)                    size: 32543 bytes
(epstopdf)             Output file: <test2P-eps-converted-to.pdf>
(epstopdf)                    date: 2018-02-11 23:08:18
(epstopdf)                    size: 9363 bytes
(epstopdf)             Command: <epstopdf --outfile=test2P-eps-converted-to.pdf
 test2P.eps>
(epstopdf)             \includegraphics on input line 97.
Package epstopdf Info: Output file is already uptodate.
<test2P-eps-converted-to.pdf, id=25, 421.575pt x 316.18124pt>
File: test2P-eps-converted-to.pdf Graphic file (type pdf)

<use test2P-eps-converted-to.pdf>
Package pdftex.def Info: test2P-eps-converted-to.pdf used on input line 97.
(pdftex.def)             Requested size: 216.81pt x 162.61081pt.

Overfull \hbox (9.80789pt too wide) in paragraph at lines 97--98
[][] 
 []


Overfull \hbox (71.22643pt too wide) in paragraph at lines 92--100
[]$[]$ $[]$ 
 []

[3 <./test1S-eps-converted-to.pdf> <./test1P-eps-converted-to.pdf>]
Package epstopdf Info: Source file: <test3S.eps>
(epstopdf)                    date: 2018-02-11 23:05:49
(epstopdf)                    size: 18989 bytes
(epstopdf)             Output file: <test3S-eps-converted-to.pdf>
(epstopdf)                    date: 2018-02-11 23:08:19
(epstopdf)                    size: 3849 bytes
(epstopdf)             Command: <epstopdf --outfile=test3S-eps-converted-to.pdf
 test3S.eps>
(epstopdf)             \includegraphics on input line 106.
Package epstopdf Info: Output file is already uptodate.

<test3S-eps-converted-to.pdf, id=37, 421.575pt x 316.18124pt>
File: test3S-eps-converted-to.pdf Graphic file (type pdf)

<use test3S-eps-converted-to.pdf>
Package pdftex.def Info: test3S-eps-converted-to.pdf used on input line 106.
(pdftex.def)             Requested size: 216.81pt x 162.61081pt.

Overfull \hbox (9.80789pt too wide) in paragraph at lines 106--107
[][] 
 []

Package epstopdf Info: Source file: <test3P.eps>
(epstopdf)                    date: 2018-02-11 23:05:49
(epstopdf)                    size: 32423 bytes
(epstopdf)             Output file: <test3P-eps-converted-to.pdf>
(epstopdf)                    date: 2018-02-11 23:08:20
(epstopdf)                    size: 9258 bytes
(epstopdf)             Command: <epstopdf --outfile=test3P-eps-converted-to.pdf
 test3P.eps>
(epstopdf)             \includegraphics on input line 110.
Package epstopdf Info: Output file is already uptodate.
<test3P-eps-converted-to.pdf, id=38, 421.575pt x 316.18124pt>
File: test3P-eps-converted-to.pdf Graphic file (type pdf)

<use test3P-eps-converted-to.pdf>
Package pdftex.def Info: test3P-eps-converted-to.pdf used on input line 110.
(pdftex.def)             Requested size: 216.81pt x 162.61081pt.

Overfull \hbox (9.80789pt too wide) in paragraph at lines 110--111
[][] 
 []


Overfull \hbox (71.22643pt too wide) in paragraph at lines 105--113
[]$[]$ $[]$ 
 []

[4 <./test2S-eps-converted-to.pdf> <./test2P-eps-converted-to.pdf> <./test3S-ep
s-converted-to.pdf> <./test3P-eps-converted-to.pdf>]
Package epstopdf Info: Source file: <test4S.eps>
(epstopdf)                    date: 2018-02-11 23:05:46
(epstopdf)                    size: 18989 bytes
(epstopdf)             Output file: <test4S-eps-converted-to.pdf>
(epstopdf)                    date: 2018-02-11 23:08:21
(epstopdf)                    size: 3852 bytes
(epstopdf)             Command: <epstopdf --outfile=test4S-eps-converted-to.pdf
 test4S.eps>
(epstopdf)             \includegraphics on input line 119.
Package epstopdf Info: Output file is already uptodate.

<test4S-eps-converted-to.pdf, id=58, 421.575pt x 316.18124pt>
File: test4S-eps-converted-to.pdf Graphic file (type pdf)

<use test4S-eps-converted-to.pdf>
Package pdftex.def Info: test4S-eps-converted-to.pdf used on input line 119.
(pdftex.def)             Requested size: 216.81pt x 162.61081pt.

Overfull \hbox (9.80789pt too wide) in paragraph at lines 119--120
[][] 
 []

Package epstopdf Info: Source file: <test4P.eps>
(epstopdf)                    date: 2018-02-11 23:05:46
(epstopdf)                    size: 32567 bytes
(epstopdf)             Output file: <test4P-eps-converted-to.pdf>
(epstopdf)                    date: 2018-02-11 23:08:22
(epstopdf)                    size: 9302 bytes
(epstopdf)             Command: <epstopdf --outfile=test4P-eps-converted-to.pdf
 test4P.eps>
(epstopdf)             \includegraphics on input line 123.
Package epstopdf Info: Output file is already uptodate.
<test4P-eps-converted-to.pdf, id=59, 421.575pt x 316.18124pt>
File: test4P-eps-converted-to.pdf Graphic file (type pdf)

<use test4P-eps-converted-to.pdf>
Package pdftex.def Info: test4P-eps-converted-to.pdf used on input line 123.
(pdftex.def)             Requested size: 216.81pt x 162.61081pt.

Overfull \hbox (9.80789pt too wide) in paragraph at lines 123--124
[][] 
 []


Overfull \hbox (71.22643pt too wide) in paragraph at lines 118--126
[]$[]$ $[]$ 
 []

[5 <./test4S-eps-converted-to.pdf> <./test4P-eps-converted-to.pdf>]
Overfull \hbox (48.74657pt too wide) in paragraph at lines 190--190
[]\OT1/cmtt/m/n/10 [r1,c1] = find(I == max(I(:))); %find the coordinates of the
 brightest spot[] 
 []

[6]
Overfull \hbox (311.24428pt too wide) in paragraph at lines 190--190
[]\OT1/cmtt/m/n/10 plot(o/sum(o),'ro'),title('percent correlation of singular v
alues','fontsize',18),xlabel('singular value'),ylabel('percent');[] 
 []


Overfull \hbox (195.74529pt too wide) in paragraph at lines 190--190
[]\OT1/cmtt/m/n/10 plot(Y(1:4,:).'), title('principal components projection'), 
legend('mode 1','mode 2','mode 3','mode 4')[] 
 []


Overfull \hbox (59.24648pt too wide) in paragraph at lines 226--226
[]\OT1/cmtt/m/n/10 [r1,c2] = find(g1 == max(g1(:))); %find the coordinates of t
he brightest spot[] 
 []

[7]
Overfull \hbox (59.24648pt too wide) in paragraph at lines 226--226
[]\OT1/cmtt/m/n/10 [r2,c2] = find(g2 == max(g2(:))); %find the coordinates of t
he brightest spot[] 
 []


Overfull \hbox (22.4968pt too wide) in paragraph at lines 226--226
[]\OT1/cmtt/m/n/10 rgb2 = insertMarker(im2uint8(g2),[x2,y2],'o','color','red','
size',10);[] 
 []

[8] (hw2.aux) ) 
Here is how much of TeX's memory you used:
 3640 strings out of 493335
 54361 string characters out of 3136684
 109322 words of memory out of 3000000
 7110 multiletter control sequences out of 15000+200000
 12316 words of font info for 48 fonts, out of 3000000 for 9000
 1141 hyphenation exceptions out of 8191
 42i,14n,40p,968b,434s stack positions out of 5000i,500n,10000p,200000b,50000s
<C:/Program Files (x86)/MiKTeX 2.9/fonts/type1/public/amsfonts/c
m/cmbx12.pfb><C:/Program Files (x86)/MiKTeX 2.9/fonts/type1/public/amsfonts/cm/
cmbx9.pfb><C:/Program Files (x86)/MiKTeX 2.9/fonts/type1/public/amsfonts/cm/cme
x10.pfb><C:/Program Files (x86)/MiKTeX 2.9/fonts/type1/public/amsfonts/cm/cmmi1
0.pfb><C:/Program Files (x86)/MiKTeX 2.9/fonts/type1/public/amsfonts/cm/cmmi7.p
fb><C:/Program Files (x86)/MiKTeX 2.9/fonts/type1/public/amsfonts/cm/cmr10.pfb>
<C:/Program Files (x86)/MiKTeX 2.9/fonts/type1/public/amsfonts/cm/cmr12.pfb><C:
/Program Files (x86)/MiKTeX 2.9/fonts/type1/public/amsfonts/cm/cmr17.pfb><C:/Pr
ogram Files (x86)/MiKTeX 2.9/fonts/type1/public/amsfonts/cm/cmr7.pfb><C:/Progra
m Files (x86)/MiKTeX 2.9/fonts/type1/public/amsfonts/cm/cmr9.pfb><C:/Program Fi
les (x86)/MiKTeX 2.9/fonts/type1/public/amsfonts/cm/cmsy10.pfb><C:/Program File
s (x86)/MiKTeX 2.9/fonts/type1/public/amsfonts/cm/cmsy7.pfb><C:/Program Files (
x86)/MiKTeX 2.9/fonts/type1/public/amsfonts/cm/cmti10.pfb><C:/Program Files (x8
6)/MiKTeX 2.9/fonts/type1/public/amsfonts/cm/cmtt10.pfb><C:/Program Files (x86)
/MiKTeX 2.9/fonts/type1/public/amsfonts/symbols/msbm10.pfb>
Output written on hw2.pdf (8 pages, 221155 bytes).
PDF statistics:
 129 PDF objects out of 1000 (max. 8388607)
 0 named destinations out of 1000 (max. 500000)
 41 words of extra memory for PDF output out of 10000 (max. 10000000)

